* Starting client
* Connecting to master process on port 21512
* Analyzing classpath: 
  - C:\Users\RAJENDRA BRAHNBHATT\Desktop\University\Winter 2026\EECS4313\Assignment 2\commons-cli\target\test-classes
  - C:\Users\RAJENDRA BRAHNBHATT\Desktop\University\Winter 2026\EECS4313\Assignment 2\commons-cli\target\classes
  - C:\Users\RAJENDRA BRAHNBHATT\.m2\repository\org\junit\jupiter\junit-jupiter-api\5.14.2\junit-jupiter-api-5.14.2.jar
  - C:\Users\RAJENDRA BRAHNBHATT\.m2\repository\org\opentest4j\opentest4j\1.3.0\opentest4j-1.3.0.jar
  - C:\Users\RAJENDRA BRAHNBHATT\.m2\repository\org\junit\platform\junit-platform-commons\1.14.2\junit-platform-commons-1.14.2.jar
  - C:\Users\RAJENDRA BRAHNBHATT\.m2\repository\org\apiguardian\apiguardian-api\1.1.2\apiguardian-api-1.1.2.jar
  - C:\Users\RAJENDRA BRAHNBHATT\.m2\repository\org\junit\jupiter\junit-jupiter-engine\5.14.2\junit-jupiter-engine-5.14.2.jar
  - C:\Users\RAJENDRA BRAHNBHATT\.m2\repository\org\junit\platform\junit-platform-engine\1.14.2\junit-platform-engine-1.14.2.jar
  - C:\Users\RAJENDRA BRAHNBHATT\.m2\repository\org\junit\jupiter\junit-jupiter-params\5.14.2\junit-jupiter-params-5.14.2.jar
  - C:\Users\RAJENDRA BRAHNBHATT\.m2\repository\org\junit-pioneer\junit-pioneer\1.9.1\junit-pioneer-1.9.1.jar
  - C:\Users\RAJENDRA BRAHNBHATT\.m2\repository\org\junit\platform\junit-platform-launcher\1.14.2\junit-platform-launcher-1.14.2.jar
  - C:\Users\RAJENDRA BRAHNBHATT\.m2\repository\commons-io\commons-io\2.21.0\commons-io-2.21.0.jar
  - C:\Users\RAJENDRA BRAHNBHATT\.m2\repository\org\apache\commons\commons-text\1.15.0\commons-text-1.15.0.jar
  - C:\Users\RAJENDRA BRAHNBHATT\.m2\repository\org\apache\commons\commons-lang3\3.20.0\commons-lang3-3.20.0.jar
  - C:\Users\RAJENDRA BRAHNBHATT\.m2\repository\org\mockito\mockito-core\4.11.0\mockito-core-4.11.0.jar
  - C:\Users\RAJENDRA BRAHNBHATT\.m2\repository\net\bytebuddy\byte-buddy\1.12.19\byte-buddy-1.12.19.jar
  - C:\Users\RAJENDRA BRAHNBHATT\.m2\repository\net\bytebuddy\byte-buddy-agent\1.12.19\byte-buddy-agent-1.12.19.jar
  - C:\Users\RAJENDRA BRAHNBHATT\.m2\repository\org\objenesis\objenesis\3.3\objenesis-3.3.jar
  - C:\Users\RAJENDRA BRAHNBHATT\.m2\repository\junit\junit\4.13.2\junit-4.13.2.jar
  - C:\Users\RAJENDRA BRAHNBHATT\.m2\repository\org\hamcrest\hamcrest-core\1.3\hamcrest-core-1.3.jar
* Finished analyzing classpath
* Generating tests for class org.apache.commons.cli.Parser
* Test criteria:
  - Line Coverage
  - Branch Coverage
  - Exception
  - Mutation testing (weak)
  - Method-Output Coverage
  - Top-Level Method Coverage
  - No-Exception Top-Level Method Coverage
  - Context Branch Coverage
* Setting up search algorithm for whole suite generation
[MASTER] 13:24:23.906 [pool-2-thread-1] WARN  TestSuiteSerialization - Cannot load tests because file does not exist: C:\Users\RAJENDRA BRAHNBHATT\Desktop\University\Winter 2026\EECS4313\Assignment 2\commons-cli\.evosuite\evosuite-seeds\org.apache.commons.cli.Parser.seed
* Loaded 0 tests from C:\Users\RAJENDRA BRAHNBHATT\Desktop\University\Winter 2026\EECS4313\Assignment 2\commons-cli\.evosuite\evosuite-seeds\org.apache.commons.cli.Parser.seed
* Total number of test goals: 
  - Line 95
  - Branch 79
  - Exception 0
  - MutationFactory 82
  - Output 16
  - Method 11
  - MethodNoException 11
  - CBranchFitnessFactory 79
* Using seed 1774113859290
* Starting evolution
* Search finished after 66s and 1325 generations, 0 statements, best individual has fitness: 515.9895833333334
* Writing sequences to pool
* Minimizing test suite
* Going to analyze the coverage criteria
* Coverage analysis for criterion LINE
* Coverage of criterion LINE: 0%
* Total number of goals: 95
* Number of covered goals: 0
* Coverage analysis for criterion BRANCH
* Coverage of criterion BRANCH: 0%
* Total number of goals: 79
* Number of covered goals: 0
* Coverage analysis for criterion EXCEPTION
* Coverage of criterion EXCEPTION: 100% (no goals)
* Coverage analysis for criterion WEAKMUTATION
* Coverage of criterion WEAKMUTATION: 0%
* Total number of goals: 82
* Number of covered goals: 0
* Coverage analysis for criterion OUTPUT
* Coverage of criterion OUTPUT: 0%
* Total number of goals: 16
* Number of covered goals: 0
* Coverage analysis for criterion METHOD
* Coverage of criterion METHOD: 0%
* Total number of goals: 11
* Number of covered goals: 0
* Coverage analysis for criterion METHODNOEXCEPTION
* Coverage of criterion METHODNOEXCEPTION: 0%
* Total number of goals: 11
* Number of covered goals: 0
* Coverage analysis for criterion CBRANCH
* Coverage of criterion CBRANCH: 0%
* Total number of goals: 79
* Number of covered goals: 0
* Generated 0 tests with total length 0
* Resulting test suite's coverage: 12% (average coverage for all fitness functions)
* Generating assertions
* Resulting test suite's mutation score: 0%
* Compiling and checking tests
* Writing JUnit test case 'Parser_ESTest' to C:\Users\RAJENDRA BRAHNBHATT\Desktop\University\Winter 2026\EECS4313\Assignment 2\commons-cli\.evosuite\tmp_2026_03_21_13_17_06\tests
* Done!

