* Starting client
* Connecting to master process on port 18840
* Analyzing classpath: 
  - C:\Users\RAJENDRA BRAHNBHATT\Desktop\University\Winter 2026\EECS4313\Assignment 2\commons-cli\target\test-classes
  - C:\Users\RAJENDRA BRAHNBHATT\Desktop\University\Winter 2026\EECS4313\Assignment 2\commons-cli\target\classes
  - C:\Users\RAJENDRA BRAHNBHATT\.m2\repository\org\junit\jupiter\junit-jupiter-api\5.14.2\junit-jupiter-api-5.14.2.jar
  - C:\Users\RAJENDRA BRAHNBHATT\.m2\repository\org\opentest4j\opentest4j\1.3.0\opentest4j-1.3.0.jar
  - C:\Users\RAJENDRA BRAHNBHATT\.m2\repository\org\junit\platform\junit-platform-commons\1.14.2\junit-platform-commons-1.14.2.jar
  - C:\Users\RAJENDRA BRAHNBHATT\.m2\repository\org\apiguardian\apiguardian-api\1.1.2\apiguardian-api-1.1.2.jar
  - C:\Users\RAJENDRA BRAHNBHATT\.m2\repository\org\junit\jupiter\junit-jupiter-engine\5.14.2\junit-jupiter-engine-5.14.2.jar
  - C:\Users\RAJENDRA BRAHNBHATT\.m2\repository\org\junit\platform\junit-platform-engine\1.14.2\junit-platform-engine-1.14.2.jar
  - C:\Users\RAJENDRA BRAHNBHATT\.m2\repository\org\junit\jupiter\junit-jupiter-params\5.14.2\junit-jupiter-params-5.14.2.jar
  - C:\Users\RAJENDRA BRAHNBHATT\.m2\repository\org\junit-pioneer\junit-pioneer\1.9.1\junit-pioneer-1.9.1.jar
  - C:\Users\RAJENDRA BRAHNBHATT\.m2\repository\org\junit\platform\junit-platform-launcher\1.14.2\junit-platform-launcher-1.14.2.jar
  - C:\Users\RAJENDRA BRAHNBHATT\.m2\repository\commons-io\commons-io\2.21.0\commons-io-2.21.0.jar
  - C:\Users\RAJENDRA BRAHNBHATT\.m2\repository\org\apache\commons\commons-text\1.15.0\commons-text-1.15.0.jar
  - C:\Users\RAJENDRA BRAHNBHATT\.m2\repository\org\apache\commons\commons-lang3\3.20.0\commons-lang3-3.20.0.jar
  - C:\Users\RAJENDRA BRAHNBHATT\.m2\repository\org\mockito\mockito-core\4.11.0\mockito-core-4.11.0.jar
  - C:\Users\RAJENDRA BRAHNBHATT\.m2\repository\net\bytebuddy\byte-buddy\1.12.19\byte-buddy-1.12.19.jar
  - C:\Users\RAJENDRA BRAHNBHATT\.m2\repository\net\bytebuddy\byte-buddy-agent\1.12.19\byte-buddy-agent-1.12.19.jar
  - C:\Users\RAJENDRA BRAHNBHATT\.m2\repository\org\objenesis\objenesis\3.3\objenesis-3.3.jar
  - C:\Users\RAJENDRA BRAHNBHATT\.m2\repository\junit\junit\4.13.2\junit-4.13.2.jar
  - C:\Users\RAJENDRA BRAHNBHATT\.m2\repository\org\hamcrest\hamcrest-core\1.3\hamcrest-core-1.3.jar
* Finished analyzing classpath
* Generating tests for class org.apache.commons.cli.HelpFormatter
* Test criteria:
  - Line Coverage
  - Branch Coverage
  - Exception
  - Mutation testing (weak)
  - Method-Output Coverage
  - Top-Level Method Coverage
  - No-Exception Top-Level Method Coverage
  - Context Branch Coverage
* Setting up search algorithm for whole suite generation
[MASTER] 13:20:06.239 [pool-2-thread-1] WARN  TestSuiteSerialization - Cannot load tests because file does not exist: C:\Users\RAJENDRA BRAHNBHATT\Desktop\University\Winter 2026\EECS4313\Assignment 2\commons-cli\.evosuite\evosuite-seeds\org.apache.commons.cli.HelpFormatter.seed
* Loaded 0 tests from C:\Users\RAJENDRA BRAHNBHATT\Desktop\University\Winter 2026\EECS4313\Assignment 2\commons-cli\.evosuite\evosuite-seeds\org.apache.commons.cli.HelpFormatter.seed
* Total number of test goals: 
  - Line 261
  - Branch 181
  - Exception 0
  - MutationFactory 526
  - Output 55
  - Method 50
  - MethodNoException 50
  - CBranchFitnessFactory 181
* Using seed 1774113601140
* Starting evolution
* Search finished after 93s and 37 generations, 20777 statements, best individual has fitness: 291.6337195793449
* Writing sequences to pool
* Minimizing test suite
[MASTER] 13:22:02.812 [pool-2-thread-1] WARN  TestSuiteMinimizer - Minimization timeout. Roll back to original test suite
* Going to analyze the coverage criteria
* Coverage analysis for criterion LINE
* Coverage of criterion LINE: 86%
* Total number of goals: 261
* Number of covered goals: 224
* Coverage analysis for criterion BRANCH
* Coverage of criterion BRANCH: 75%
* Total number of goals: 181
* Number of covered goals: 135
* Coverage analysis for criterion EXCEPTION
* Coverage of criterion EXCEPTION: 100%
* Total number of goals: 38
* Number of covered goals: 38
* Coverage analysis for criterion WEAKMUTATION
* Coverage of criterion WEAKMUTATION: 87%
* Total number of goals: 526
* Number of covered goals: 458
* Coverage analysis for criterion OUTPUT
* Coverage of criterion OUTPUT: 60%
* Total number of goals: 55
* Number of covered goals: 33
* Coverage analysis for criterion METHOD
* Coverage of criterion METHOD: 98%
* Total number of goals: 50
* Number of covered goals: 49
* Coverage analysis for criterion METHODNOEXCEPTION
* Coverage of criterion METHODNOEXCEPTION: 98%
* Total number of goals: 50
* Number of covered goals: 49
* Coverage analysis for criterion CBRANCH
* Coverage of criterion CBRANCH: 74%
* Total number of goals: 181
* Number of covered goals: 134
* Generated 99 tests with total length 1587
* Resulting test suite's coverage: 85% (average coverage for all fitness functions)
* Generating assertions
[MASTER] 13:22:16.689 [pool-2-thread-1] WARN  SimpleMutationAssertionGenerator - Assertion minimization is taking too long (0.892% of time used, but only 1/99 tests minimized), falling back to using all assertions
[MASTER] 13:22:19.214 [pool-2-thread-1] WARN  SimpleMutationAssertionGenerator - Reached maximum time to generate assertions, aborting assertion generation
* Resulting test suite's mutation score: 1%
* Compiling and checking tests
* Permissions denied during test execution: 
  - java.lang.RuntimePermission: 
         writeFileDescriptor: 15
* Writing JUnit test case 'HelpFormatter_ESTest' to C:\Users\RAJENDRA BRAHNBHATT\Desktop\University\Winter 2026\EECS4313\Assignment 2\commons-cli\.evosuite\tmp_2026_03_21_13_17_06\tests
* Done!

