* Starting client
* Connecting to master process on port 5947
* Analyzing classpath: 
  - C:\Users\RAJENDRA BRAHNBHATT\Desktop\University\Winter 2026\EECS4313\Assignment 2\commons-cli\target\test-classes
  - C:\Users\RAJENDRA BRAHNBHATT\Desktop\University\Winter 2026\EECS4313\Assignment 2\commons-cli\target\classes
  - C:\Users\RAJENDRA BRAHNBHATT\.m2\repository\org\junit\jupiter\junit-jupiter-api\5.14.2\junit-jupiter-api-5.14.2.jar
  - C:\Users\RAJENDRA BRAHNBHATT\.m2\repository\org\opentest4j\opentest4j\1.3.0\opentest4j-1.3.0.jar
  - C:\Users\RAJENDRA BRAHNBHATT\.m2\repository\org\junit\platform\junit-platform-commons\1.14.2\junit-platform-commons-1.14.2.jar
  - C:\Users\RAJENDRA BRAHNBHATT\.m2\repository\org\apiguardian\apiguardian-api\1.1.2\apiguardian-api-1.1.2.jar
  - C:\Users\RAJENDRA BRAHNBHATT\.m2\repository\org\junit\jupiter\junit-jupiter-engine\5.14.2\junit-jupiter-engine-5.14.2.jar
  - C:\Users\RAJENDRA BRAHNBHATT\.m2\repository\org\junit\platform\junit-platform-engine\1.14.2\junit-platform-engine-1.14.2.jar
  - C:\Users\RAJENDRA BRAHNBHATT\.m2\repository\org\junit\jupiter\junit-jupiter-params\5.14.2\junit-jupiter-params-5.14.2.jar
  - C:\Users\RAJENDRA BRAHNBHATT\.m2\repository\org\junit-pioneer\junit-pioneer\1.9.1\junit-pioneer-1.9.1.jar
  - C:\Users\RAJENDRA BRAHNBHATT\.m2\repository\org\junit\platform\junit-platform-launcher\1.14.2\junit-platform-launcher-1.14.2.jar
  - C:\Users\RAJENDRA BRAHNBHATT\.m2\repository\commons-io\commons-io\2.21.0\commons-io-2.21.0.jar
  - C:\Users\RAJENDRA BRAHNBHATT\.m2\repository\org\apache\commons\commons-text\1.15.0\commons-text-1.15.0.jar
  - C:\Users\RAJENDRA BRAHNBHATT\.m2\repository\org\apache\commons\commons-lang3\3.20.0\commons-lang3-3.20.0.jar
  - C:\Users\RAJENDRA BRAHNBHATT\.m2\repository\org\mockito\mockito-core\4.11.0\mockito-core-4.11.0.jar
  - C:\Users\RAJENDRA BRAHNBHATT\.m2\repository\net\bytebuddy\byte-buddy\1.12.19\byte-buddy-1.12.19.jar
  - C:\Users\RAJENDRA BRAHNBHATT\.m2\repository\net\bytebuddy\byte-buddy-agent\1.12.19\byte-buddy-agent-1.12.19.jar
  - C:\Users\RAJENDRA BRAHNBHATT\.m2\repository\org\objenesis\objenesis\3.3\objenesis-3.3.jar
  - C:\Users\RAJENDRA BRAHNBHATT\.m2\repository\junit\junit\4.13.2\junit-4.13.2.jar
  - C:\Users\RAJENDRA BRAHNBHATT\.m2\repository\org\hamcrest\hamcrest-core\1.3\hamcrest-core-1.3.jar
* Finished analyzing classpath
* Generating tests for class org.apache.commons.cli.Option
* Test criteria:
  - Line Coverage
  - Branch Coverage
  - Exception
  - Mutation testing (weak)
  - Method-Output Coverage
  - Top-Level Method Coverage
  - No-Exception Top-Level Method Coverage
  - Context Branch Coverage
* Setting up search algorithm for whole suite generation
[MASTER] 13:22:45.235 [pool-2-thread-1] WARN  TestSuiteSerialization - Cannot load tests because file does not exist: C:\Users\RAJENDRA BRAHNBHATT\Desktop\University\Winter 2026\EECS4313\Assignment 2\commons-cli\.evosuite\evosuite-seeds\org.apache.commons.cli.Option.seed
* Loaded 0 tests from C:\Users\RAJENDRA BRAHNBHATT\Desktop\University\Winter 2026\EECS4313\Assignment 2\commons-cli\.evosuite\evosuite-seeds\org.apache.commons.cli.Option.seed
* Total number of test goals: 
  - Line 190
  - Branch 141
  - Exception 0
  - MutationFactory 314
  - Output 90
  - Method 70
  - MethodNoException 70
  - CBranchFitnessFactory 141
* Using seed 1774113762030
* Starting evolution
* Search finished after 69s and 218 generations, 98651 statements, best individual has fitness: 94.46031745705784
* Writing sequences to pool
* Minimizing test suite
* Going to analyze the coverage criteria
* Coverage analysis for criterion LINE
* Coverage of criterion LINE: 96%
* Total number of goals: 190
* Number of covered goals: 182
* Coverage analysis for criterion BRANCH
* Coverage of criterion BRANCH: 95%
* Total number of goals: 141
* Number of covered goals: 134
* Coverage analysis for criterion EXCEPTION
* Coverage of criterion EXCEPTION: 100%
* Total number of goals: 13
* Number of covered goals: 13
* Coverage analysis for criterion WEAKMUTATION
* Coverage of criterion WEAKMUTATION: 85%
* Total number of goals: 314
* Number of covered goals: 268
* Coverage analysis for criterion OUTPUT
* Coverage of criterion OUTPUT: 77%
* Total number of goals: 90
* Number of covered goals: 69
* Coverage analysis for criterion METHOD
* Coverage of criterion METHOD: 100%
* Total number of goals: 70
* Number of covered goals: 70
* Coverage analysis for criterion METHODNOEXCEPTION
* Coverage of criterion METHODNOEXCEPTION: 99%
* Total number of goals: 70
* Number of covered goals: 69
* Coverage analysis for criterion CBRANCH
* Coverage of criterion CBRANCH: 92%
* Total number of goals: 141
* Number of covered goals: 130
* Generated 109 tests with total length 323
* Resulting test suite's coverage: 93% (average coverage for all fitness functions)
* Generating assertions
* Resulting test suite's mutation score: 62%
* Compiling and checking tests
* Writing JUnit test case 'Option_ESTest' to C:\Users\RAJENDRA BRAHNBHATT\Desktop\University\Winter 2026\EECS4313\Assignment 2\commons-cli\.evosuite\tmp_2026_03_21_13_17_06\tests
* Done!

