* Starting client
* Connecting to master process on port 3310
* Analyzing classpath: 
  - C:\Users\RAJENDRA BRAHNBHATT\Desktop\University\Winter 2026\EECS4313\Assignment 2\commons-cli\target\test-classes
  - C:\Users\RAJENDRA BRAHNBHATT\Desktop\University\Winter 2026\EECS4313\Assignment 2\commons-cli\target\classes
  - C:\Users\RAJENDRA BRAHNBHATT\.m2\repository\org\junit\jupiter\junit-jupiter-api\5.14.2\junit-jupiter-api-5.14.2.jar
  - C:\Users\RAJENDRA BRAHNBHATT\.m2\repository\org\opentest4j\opentest4j\1.3.0\opentest4j-1.3.0.jar
  - C:\Users\RAJENDRA BRAHNBHATT\.m2\repository\org\junit\platform\junit-platform-commons\1.14.2\junit-platform-commons-1.14.2.jar
  - C:\Users\RAJENDRA BRAHNBHATT\.m2\repository\org\apiguardian\apiguardian-api\1.1.2\apiguardian-api-1.1.2.jar
  - C:\Users\RAJENDRA BRAHNBHATT\.m2\repository\org\junit\jupiter\junit-jupiter-engine\5.14.2\junit-jupiter-engine-5.14.2.jar
  - C:\Users\RAJENDRA BRAHNBHATT\.m2\repository\org\junit\platform\junit-platform-engine\1.14.2\junit-platform-engine-1.14.2.jar
  - C:\Users\RAJENDRA BRAHNBHATT\.m2\repository\org\junit\jupiter\junit-jupiter-params\5.14.2\junit-jupiter-params-5.14.2.jar
  - C:\Users\RAJENDRA BRAHNBHATT\.m2\repository\org\junit-pioneer\junit-pioneer\1.9.1\junit-pioneer-1.9.1.jar
  - C:\Users\RAJENDRA BRAHNBHATT\.m2\repository\org\junit\platform\junit-platform-launcher\1.14.2\junit-platform-launcher-1.14.2.jar
  - C:\Users\RAJENDRA BRAHNBHATT\.m2\repository\commons-io\commons-io\2.21.0\commons-io-2.21.0.jar
  - C:\Users\RAJENDRA BRAHNBHATT\.m2\repository\org\apache\commons\commons-text\1.15.0\commons-text-1.15.0.jar
  - C:\Users\RAJENDRA BRAHNBHATT\.m2\repository\org\apache\commons\commons-lang3\3.20.0\commons-lang3-3.20.0.jar
  - C:\Users\RAJENDRA BRAHNBHATT\.m2\repository\org\mockito\mockito-core\4.11.0\mockito-core-4.11.0.jar
  - C:\Users\RAJENDRA BRAHNBHATT\.m2\repository\net\bytebuddy\byte-buddy\1.12.19\byte-buddy-1.12.19.jar
  - C:\Users\RAJENDRA BRAHNBHATT\.m2\repository\net\bytebuddy\byte-buddy-agent\1.12.19\byte-buddy-agent-1.12.19.jar
  - C:\Users\RAJENDRA BRAHNBHATT\.m2\repository\org\objenesis\objenesis\3.3\objenesis-3.3.jar
  - C:\Users\RAJENDRA BRAHNBHATT\.m2\repository\junit\junit\4.13.2\junit-4.13.2.jar
  - C:\Users\RAJENDRA BRAHNBHATT\.m2\repository\org\hamcrest\hamcrest-core\1.3\hamcrest-core-1.3.jar
* Finished analyzing classpath
* Generating tests for class org.apache.commons.cli.PatternOptionBuilder
* Test criteria:
  - Line Coverage
  - Branch Coverage
  - Exception
  - Mutation testing (weak)
  - Method-Output Coverage
  - Top-Level Method Coverage
  - No-Exception Top-Level Method Coverage
  - Context Branch Coverage
* Setting up search algorithm for whole suite generation
[MASTER] 13:27:12.344 [pool-2-thread-1] WARN  TestSuiteSerialization - Cannot load tests because file does not exist: C:\Users\RAJENDRA BRAHNBHATT\Desktop\University\Winter 2026\EECS4313\Assignment 2\commons-cli\.evosuite\evosuite-seeds\org.apache.commons.cli.PatternOptionBuilder.seed
* Loaded 0 tests from C:\Users\RAJENDRA BRAHNBHATT\Desktop\University\Winter 2026\EECS4313\Assignment 2\commons-cli\.evosuite\evosuite-seeds\org.apache.commons.cli.PatternOptionBuilder.seed
* Total number of test goals: 
  - Line 47
  - Branch 57
  - Exception 0
  - MutationFactory 267
  - Output 24
  - Method 6
  - MethodNoException 6
  - CBranchFitnessFactory 57
* Using seed 1774114027646
* Starting evolution
* Search finished after 55s and 287 generations, 42010 statements, best individual has fitness: 10.333333333333334
* Writing sequences to pool
* Minimizing test suite
* Going to analyze the coverage criteria
* Coverage analysis for criterion LINE
* Coverage of criterion LINE: 100%
* Total number of goals: 47
* Number of covered goals: 47
* Coverage analysis for criterion BRANCH
* Coverage of criterion BRANCH: 100%
* Total number of goals: 57
* Number of covered goals: 57
* Coverage analysis for criterion EXCEPTION
* Coverage of criterion EXCEPTION: 100%
* Total number of goals: 2
* Number of covered goals: 2
* Coverage analysis for criterion WEAKMUTATION
* Coverage of criterion WEAKMUTATION: 99%
* Total number of goals: 267
* Number of covered goals: 265
* Coverage analysis for criterion OUTPUT
* Coverage of criterion OUTPUT: 62%
* Total number of goals: 24
* Number of covered goals: 15
* Coverage analysis for criterion METHOD
* Coverage of criterion METHOD: 100%
* Total number of goals: 6
* Number of covered goals: 6
* Coverage analysis for criterion METHODNOEXCEPTION
* Coverage of criterion METHODNOEXCEPTION: 100%
* Total number of goals: 6
* Number of covered goals: 6
* Coverage analysis for criterion CBRANCH
* Coverage of criterion CBRANCH: 100%
* Total number of goals: 57
* Number of covered goals: 57
* Generated 30 tests with total length 30
* Resulting test suite's coverage: 95% (average coverage for all fitness functions)
* Generating assertions
* Resulting test suite's mutation score: 75%
* Compiling and checking tests
* Writing JUnit test case 'PatternOptionBuilder_ESTest' to C:\Users\RAJENDRA BRAHNBHATT\Desktop\University\Winter 2026\EECS4313\Assignment 2\commons-cli\.evosuite\tmp_2026_03_21_13_17_06\tests
* Done!

